<?xml version="1.0" encoding="UTF-8"?>
<testsuite name="FindFakeBarTest" tests="1" skipped="0" failures="0" errors="0" timestamp="2024-04-10T01:57:09" hostname="Asthas-MBP.lan" time="13.031">
  <properties/>
  <testcase name="findLeastWeightBar()" classname="FindFakeBarTest" time="13.031"/>
  <system-out><![CDATA[Alert text : Yay! You find it!
[0,1,2] > [3,4,5]
[3] < [4]
Fake Bar is 3
]]></system-out>
  <system-err><![CDATA[SLF4J: Failed to load class "org.slf4j.impl.StaticLoggerBinder".
SLF4J: Defaulting to no-operation (NOP) logger implementation
SLF4J: See http://www.slf4j.org/codes.html#StaticLoggerBinder for further details.
1712714229933	geckodriver	INFO	Listening on 127.0.0.1:57730
1712714230305	mozrunner::runner	INFO	Running command: MOZ_CRASHREPORTER="1" MOZ_CRASHREPORTER_NO_REPORT="1" MOZ_CRASHREPORTER_SHUTDOWN="1" MOZ_NO_REMOTE="1" "/App ... s" "localhost" "-foreground" "-no-remote" "-profile" "/var/folders/1m/x4mygvtx2cj3vts_11ty2mw40000gn/T/rust_mozprofileVIq1Sn"
console.warn: services.settings: Ignoring preference override of remote settings server
console.warn: services.settings: Allow by setting MOZ_REMOTE_SETTINGS_DEVTOOLS=1 in the environment
1712714230877	Marionette	INFO	Marionette enabled
console.error: "Warning: unrecognized command line flag" "-remote-allow-hosts"
1712714231373	Marionette	INFO	Listening on port 63842
WebDriver BiDi listening on ws://127.0.0.1:50895
2024-04-09 21:57:11.421 plugin-container[19480:898945] nil host used in call to allowsSpecificHTTPSCertificateForHost
2024-04-09 21:57:11.422 plugin-container[19480:898945] nil host used in call to allowsAnyHTTPSCertificateForHost:
2024-04-09 21:57:11.430 plugin-container[19480:898945] nil host used in call to allowsSpecificHTTPSCertificateForHost
2024-04-09 21:57:11.430 plugin-container[19480:898945] nil host used in call to allowsAnyHTTPSCertificateForHost:
2024-04-09 21:57:11.431 plugin-container[19480:898943] nil host used in call to allowsSpecificHTTPSCertificateForHost
2024-04-09 21:57:11.431 plugin-container[19480:898943] nil host used in call to allowsAnyHTTPSCertificateForHost:
Read port: 63842
1712714231736	RemoteAgent	WARN	TLS certificate errors will be ignored for this session
DevTools listening on ws://127.0.0.1:50895/devtools/browser/2e404385-9fb1-43b2-96db-3ef29f9ca033
2024-04-10 01:57:14.149 plugin-container[19484:899309] nil host used in call to allowsSpecificHTTPSCertificateForHost
2024-04-10 01:57:14.149 plugin-container[19484:899309] nil host used in call to allowsAnyHTTPSCertificateForHost:
2024-04-10 01:57:14.156 plugin-container[19484:899309] nil host used in call to allowsSpecificHTTPSCertificateForHost
2024-04-10 01:57:14.156 plugin-container[19484:899309] nil host used in call to allowsAnyHTTPSCertificateForHost:
2024-04-10 01:57:14.157 plugin-container[19484:899307] nil host used in call to allowsSpecificHTTPSCertificateForHost
2024-04-10 01:57:14.157 plugin-container[19484:899307] nil host used in call to allowsAnyHTTPSCertificateForHost:
Apr 09, 2024 9:57:14 PM org.openqa.selenium.remote.ProtocolHandshake createSession
INFO: Detected dialect: W3C
1712714241129	Marionette	INFO	Stopped listening on port 63842
]]></system-err>
</testsuite>
